<?xml version="1.0" encoding="UTF-8"?>
<robot generator="Robot 7.2 (Python 3.13.1 on win32)" generated="2025-01-22T17:58:00.941043" rpa="false" schemaversion="5">
<suite id="s1" name="Google" source="D:\Python_automation\New_robot_framework\scripts\google.robot">
<test id="s1-t1" name="Open Iframe" line="11">
<kw name="Open Browser" owner="SeleniumLibrary">
<msg time="2025-01-22T17:58:01.594580" level="INFO">Opening browser 'HeadlessChrome' to base url 'https://www.google.com/'.</msg>
<arg>${URL1}</arg>
<arg>${BROWSER}</arg>
<doc>Opens a new browser instance to the optional ``url``.</doc>
<status status="PASS" start="2025-01-22T17:58:01.594361" elapsed="3.478160"/>
</kw>
<kw name="Sleep" owner="BuiltIn">
<msg time="2025-01-22T17:58:08.073526" level="INFO">Slept 3 seconds.</msg>
<arg>3 seconds</arg>
<doc>Pauses the test executed for the given time.</doc>
<status status="PASS" start="2025-01-22T17:58:05.072941" elapsed="3.000773"/>
</kw>
<kw name="Maximize Browser Window" owner="SeleniumLibrary">
<doc>Maximizes current browser window.</doc>
<status status="PASS" start="2025-01-22T17:58:08.074120" elapsed="0.031549"/>
</kw>
<kw name="Close Browser" owner="SeleniumLibrary">
<doc>Closes the current browser.</doc>
<status status="PASS" start="2025-01-22T17:58:08.106660" elapsed="2.208221"/>
</kw>
<status status="PASS" start="2025-01-22T17:58:01.593406" elapsed="8.722039"/>
</test>
<status status="PASS" start="2025-01-22T17:58:00.943436" elapsed="9.373557"/>
</suite>
<statistics>
<total>
<stat pass="1" fail="0" skip="0">All Tests</stat>
</total>
<tag>
</tag>
<suite>
<stat name="Google" id="s1" pass="1" fail="0" skip="0">Google</stat>
</suite>
</statistics>
<errors>
</errors>
</robot>
