<?xml version="1.0" encoding="UTF-8"?>
<robot generator="Robot 7.2 (Python 3.13.1 on win32)" generated="2025-01-24T20:55:38.523094" rpa="false" schemaversion="5">
<suite id="s1" name="Katalon" source="D:\Python_automation\New_robot_framework\scripts\Katalon.robot">
<test id="s1-t1" name="Katalonstudio with pageobject concept" line="13">
<kw name="Read Xml" owner="support">
<msg time="2025-01-24T20:55:39.089160" level="INFO">${url} = https://katalon.com</msg>
<var>${url}</var>
<arg>applicationurl</arg>
<status status="PASS" start="2025-01-24T20:55:39.076697" elapsed="0.012518"/>
</kw>
<kw name="Open Browser" owner="SeleniumLibrary">
<msg time="2025-01-24T20:55:39.090117" level="INFO">Opening browser 'Chrome' to base url 'https://katalon.com'.</msg>
<arg>${url}</arg>
<arg>${Browser}</arg>
<doc>Opens a new browser instance to the optional ``url``.</doc>
<status status="PASS" start="2025-01-24T20:55:39.089902" elapsed="21.581826"/>
</kw>
<kw name="Sleep" owner="BuiltIn">
<msg time="2025-01-24T20:56:02.672929" level="INFO">Slept 2 seconds.</msg>
<arg>2</arg>
<doc>Pauses the test executed for the given time.</doc>
<status status="PASS" start="2025-01-24T20:56:00.672167" elapsed="2.000875"/>
</kw>
<kw name="Maximize Browser Window" owner="SeleniumLibrary">
<doc>Maximizes current browser window.</doc>
<status status="PASS" start="2025-01-24T20:56:02.673592" elapsed="0.073732"/>
</kw>
<kw name="Sleep" owner="BuiltIn">
<msg time="2025-01-24T20:56:04.748353" level="INFO">Slept 2 seconds.</msg>
<arg>2</arg>
<doc>Pauses the test executed for the given time.</doc>
<status status="PASS" start="2025-01-24T20:56:02.747725" elapsed="2.000727"/>
</kw>
<kw name="Element Should Be Visible" owner="SeleniumLibrary">
<msg time="2025-01-24T20:56:04.787678" level="INFO">Element '(//img[@alt='Katalon Logo'])[1]' is displayed.</msg>
<arg>${katalon_logo}</arg>
<doc>Verifies that the element identified by ``locator`` is visible.</doc>
<status status="PASS" start="2025-01-24T20:56:04.749231" elapsed="0.038533"/>
</kw>
<kw name="Log" owner="BuiltIn">
<msg time="2025-01-24T20:56:04.788179" level="INFO">Logo is visible</msg>
<arg>Logo is visible</arg>
<doc>Logs the given message with the given level.</doc>
<status status="PASS" start="2025-01-24T20:56:04.788066" elapsed="0.000148"/>
</kw>
<kw name="Close Browser" owner="SeleniumLibrary">
<doc>Closes the current browser.</doc>
<status status="PASS" start="2025-01-24T20:56:04.788460" elapsed="2.267280"/>
</kw>
<status status="PASS" start="2025-01-24T20:55:39.076001" elapsed="27.980264"/>
</test>
<status status="PASS" start="2025-01-24T20:55:38.525132" elapsed="28.532146"/>
</suite>
<statistics>
<total>
<stat pass="1" fail="0" skip="0">All Tests</stat>
</total>
<tag>
</tag>
<suite>
<stat name="Katalon" id="s1" pass="1" fail="0" skip="0">Katalon</stat>
</suite>
</statistics>
<errors>
</errors>
</robot>
