<?xml version="1.0" encoding="UTF-8"?>
<robot generator="Robot 7.2 (Python 3.13.1 on win32)" generated="2025-01-24T21:35:17.355057" rpa="false" schemaversion="5">
<suite id="s1" name="Tags1" source="D:\Python_automation\New_robot_framework\Scripts\Tags1.robot">
<test id="s1-t1" name="Test Case 7" line="5">
<kw name="Log To Console" owner="BuiltIn">
<arg>This is test case 1</arg>
<doc>Logs the given message to the console.</doc>
<status status="PASS" start="2025-01-24T21:35:17.418170" elapsed="0.000241"/>
</kw>
<tag>Smoke</tag>
<status status="PASS" start="2025-01-24T21:35:17.417590" elapsed="0.001018"/>
</test>
<test id="s1-t2" name="Test Case 10" line="14">
<kw name="Log To Console" owner="BuiltIn">
<arg>This is test case 4</arg>
<doc>Logs the given message to the console.</doc>
<status status="PASS" start="2025-01-24T21:35:17.419226" elapsed="0.000192"/>
</kw>
<tag>Smoke</tag>
<status status="PASS" start="2025-01-24T21:35:17.418973" elapsed="0.000733"/>
</test>
<test id="s1-t3" name="Test Case 13" line="25">
<kw name="Log To Console" owner="BuiltIn">
<arg>This is test case 7</arg>
<doc>Logs the given message to the console.</doc>
<status status="PASS" start="2025-01-24T21:35:17.420458" elapsed="0.000172"/>
</kw>
<tag>Smoke</tag>
<status status="PASS" start="2025-01-24T21:35:17.420139" elapsed="0.000635"/>
</test>
<doc>Tags in Robot Framework</doc>
<status status="PASS" start="2025-01-24T21:35:17.364178" elapsed="0.057029"/>
</suite>
<statistics>
<total>
<stat pass="3" fail="0" skip="0">All Tests</stat>
</total>
<tag>
<stat pass="3" fail="0" skip="0">Smoke</stat>
</tag>
<suite>
<stat name="Tags1" id="s1" pass="3" fail="0" skip="0">Tags1</stat>
</suite>
</statistics>
<errors>
</errors>
</robot>
